<?xml version="1.0" encoding="UTF-8"?>
<!-- Generated by org.testng.reporters.JUnitXMLReporter -->
<testsuite hostname="LAPTOP-B6PDUM3B" ignored="0" name="Test" tests="4" failures="0" timestamp="2023-08-12T17:26:31 IST" time="23.527" errors="0">
  <testcase name="runLogin" time="0.586" classname="testcases.VerifyLogin"/>
  <testcase name="runLogin" time="0.581" classname="testcases.VerifyLogin"/>
  <testcase name="runCreateLead" time="6.634" classname="testcases.CreateLeadTestCase"/>
  <testcase name="runCreateLead" time="6.151" classname="testcases.CreateLeadTestCase"/>
</testsuite> <!-- Test -->
